[2025-04-11 11:22:46.275] [Xeno] [info] Version: Xeno - v1.1.75
[2025-04-11 11:22:46.275] [Xeno] [info] Logs stored in logs/2025-04-11_11-22-46.log
[2025-04-11 11:22:46.275] [Xeno] [debug] Client Checker thread: 0xff5b3fdef0
[2025-04-11 11:22:46.276] [Xeno] [debug] Xeno Caching thread: 0xff5b3fdee0
[2025-04-11 11:22:46.276] [Xeno] [debug] WebSockets Cleaner thread: 0xff5b3fded0
[2025-04-11 11:22:46.276] [Xeno] [debug] Xeno Server thread: 0xff5b3fdec0
[2025-04-11 11:22:46.276] [Cache] [info] File: C:\Users\chop\AppData\Local\Temp\XENO_CACHE.bin
[2025-04-11 11:22:46.276] [Cache] [info] Loaded cache: 0 RBXClients, 0 RBXBytecode, 0 RBXMFlags, 0 RBXRenderViews
[2025-04-11 11:22:46.276] [Server] [info] Listening on http://localhost:3110
[2025-04-11 11:22:46.288] [Xeno] [info] Creating new RBXClient: 8904
[2025-04-11 11:22:46.289] [RBXClient] [info] [8904]: Initializing...
[2025-04-11 11:22:46.289] [RBXClient] [info] [8904]: Version: version-c2c9efad42eb44e5
[2025-04-11 11:22:46.289] [Xeno] [debug] Created RBXClient instance @0x254c726b180
[2025-04-11 11:22:46.289] [Xeno] [info] Successfully created RBXClient: 8904
[2025-04-11 11:22:46.289] [RBXClient] [debug] [8904]: Getting RenderView...
[2025-04-11 11:22:46.788] [RBXClient] [debug] [8904]: String: 0x23af26664c0
[2025-04-11 11:22:46.788] [RBXClient] [debug] [8904]: Renderview: 0x23ae04de850
[2025-04-11 11:22:46.788] [RBXClient] [debug] [8904]: DataModel: 0x23ad9145c20
[2025-04-11 11:22:46.793] [RBXClient] [debug] [8904]: DataModel Name: Ugc
[2025-04-11 11:22:46.794] [RBXClient] [debug] [8904]: LocalPlayer: 0x23ae329a9c0
[2025-04-11 11:22:46.794] [RBXClient] [debug] [8904]: LocalPlayer Name: 'HeimdallRbx'
[2025-04-11 11:22:46.810] [RBXClient] [debug] [8904]: EventConnection: 0x23adaee6270
[2025-04-11 11:22:46.875] [RBXClient] [debug] [8904]: StyledTextLabel: 0x23adb2e9a70
[2025-04-11 11:22:46.934] [RBXClient] [info] [8904]: StyledTextLabel PerVMState was set to NotRunYet
[2025-04-11 11:22:58.769] [RBXClient] [trace] [8904]: Attach ping recieved, restored bytecode.
