[2025-03-30 18:44:31.905] [Xeno] [info] Version: Xeno - v1.1.6
[2025-03-30 18:44:31.905] [Xeno] [info] Logs stored in logs/2025-03-30_18-44-31.log
[2025-03-30 18:44:31.907] [Xeno] [debug] Client Checker thread: 0xc005fdff0
[2025-03-30 18:44:31.907] [Xeno] [debug] Xeno Caching thread: 0xc005fdfe0
[2025-03-30 18:44:31.907] [Xeno] [debug] WebSockets Cleaner thread: 0xc005fdfd0
[2025-03-30 18:44:31.907] [Xeno] [debug] Xeno Server thread: 0xc005fdfc0
[2025-03-30 18:44:31.907] [Cache] [info] File: C:\Users\chop\AppData\Local\Temp\XENO_CACHE.bin
[2025-03-30 18:44:31.907] [Cache] [info] Reattaching to cached client PID: 32660
[2025-03-30 18:44:31.907] [Cache] [info] Loaded cache: 1 RBXClients, 0 RBXBytecode, 0 RBXMFlags
[2025-03-30 18:44:31.908] [Xeno] [info] Creating new RBXClient: 32660
[2025-03-30 18:44:31.908] [RBXClient] [info] [32660]: Initializing...
[2025-03-30 18:44:31.908] [RBXClient] [info] [32660]: Version: version-5a6b6797f4e04078
[2025-03-30 18:44:31.908] [Xeno] [debug] Created RBXClient instance @0x1434dc0c210
[2025-03-30 18:44:31.908] [Xeno] [info] Successfully created RBXClient: 32660
[2025-03-30 18:44:31.908] [RBXClient] [debug] [32660]: Getting RenderView...
[2025-03-30 18:44:31.908] [Server] [info] Listening on http://localhost:3110
[2025-03-30 18:44:32.309] [RBXClient] [debug] [32660]: String: 0x27e6eaec3a0
[2025-03-30 18:44:32.309] [RBXClient] [debug] [32660]: Renderview: 0x27e5dcfa180
[2025-03-30 18:44:32.310] [RBXClient] [debug] [32660]: DataModel: 0x27e56c6d190
[2025-03-30 18:44:32.315] [RBXClient] [debug] [32660]: LocalPlayer: 0x27e605bda40
[2025-03-30 18:44:32.316] [RBXClient] [debug] [32660]: LocalPlayer Name: 'R3K0Trevor'
[2025-03-30 18:44:32.322] [RBXClient] [info] [32660]: Client was already attached; handling functions...
